<?xml version="1.0" encoding="UTF-8"?>
<!-- Generated by org.testng.reporters.JUnitXMLReporter -->
<testsuite ignored="0" hostname="USHYDMUDINESH4" failures="0" tests="14" name="UserTests" time="28.339" errors="0" timestamp="2024-01-30T14:53:37 IST">
  <testcase classname="api.test.UserTests" name="testPostUser" time="5.222"/>
  <testcase classname="api.test.UserTests" name="testGETUserByName" time="1.242"/>
  <testcase classname="api.test.UserTests" name="testUpdateUserByName" time="3.141"/>
  <testcase classname="api.test.UserTests" name="testdeleteUserByName" time="1.188"/>
  <testcase classname="api.test.UserTests2" name="testPostUser" time="1.293"/>
  <testcase classname="api.test.UserTests2" name="testGETUserByName" time="1.273"/>
  <testcase classname="api.test.UserTests2" name="testUpdateUserByName" time="2.451"/>
  <testcase classname="api.test.UserTests2" name="testdeleteUserByName" time="1.176"/>
  <testcase classname="api.test.DDTests" name="testPostUser" time="1.141"/>
  <testcase classname="api.test.DDTests" name="testPostUser" time="1.231"/>
  <testcase classname="api.test.DDTests" name="testPostUser" time="1.106"/>
  <testcase classname="api.test.DDTests" name="testDeleteByUserName" time="1.224"/>
  <testcase classname="api.test.DDTests" name="testDeleteByUserName" time="1.129"/>
  <testcase classname="api.test.DDTests" name="testDeleteByUserName" time="1.193"/>
</testsuite> <!-- UserTests -->
