<?xml version="1.0" encoding="UTF-8"?>
<testsuite xmlns:xsi="http://www.w3.org/2001/XMLSchema-instance" xsi:noNamespaceSchemaLocation="https://maven.apache.org/surefire/maven-surefire-plugin/xsd/surefire-test-report-3.0.xsd" version="3.0" name="TestSuite" time="29.959" tests="14" errors="0" skipped="0" failures="0">
  <properties>
[...]
</properties>
  <testcase name="testPostUser" classname="api.test.UserTests" time="5.247">
    <system-out><![CDATA[Request method:	POST
Request URI:	https://petstore.swagger.io/v2/user
Proxy:			<none>
Request params:	<none>
Query params:	<none>
Form params:	<none>
Path params:	<none>
Headers:		Accept=application/json, application/javascript, text/javascript, text/json
				Content-Type=application/json
Cookies:		<none>
Multiparts:		<none>
Body:
{
    "id": 44559647,
    "username": "maynard.pouros",
    "firstName": "Rickie",
    "lastName": "Lehner",
    "email": "juli.bergnaum@example.com",
    "password": "5qz5rj3eo",
    "phone": "1-991-807-4405",
    "userStatus": 0
}
HTTP/1.1 200 OK
Date: Tue, 30 Jan 2024 09:23:15 GMT
Content-Type: application/json
Transfer-Encoding: chunked
Connection: keep-alive
Access-Control-Allow-Origin: *
Access-Control-Allow-Methods: GET, POST, DELETE, PUT
Access-Control-Allow-Headers: Content-Type, api_key, Authorization
Server: Jetty(9.2.9.v20150224)

{
    "code": 200,
    "type": "unknown",
    "message": "44559647"
}
]]></system-out>
    <system-err><![CDATA[SLF4J: Failed to load class "org.slf4j.impl.StaticLoggerBinder".
SLF4J: Defaulting to no-operation (NOP) logger implementation
SLF4J: See http://www.slf4j.org/codes.html#StaticLoggerBinder for further details.
]]></system-err>
  </testcase>
  <testcase name="testGETUserByName" classname="api.test.UserTests" time="1.257">
    <system-out><![CDATA[HTTP/1.1 200 OK
Date: Tue, 30 Jan 2024 09:23:16 GMT
Content-Type: application/json
Transfer-Encoding: chunked
Connection: keep-alive
Access-Control-Allow-Origin: *
Access-Control-Allow-Methods: GET, POST, DELETE, PUT
Access-Control-Allow-Headers: Content-Type, api_key, Authorization
Server: Jetty(9.2.9.v20150224)

{
    "id": 44559647,
    "username": "maynard.pouros",
    "firstName": "Rickie",
    "lastName": "Lehner",
    "email": "juli.bergnaum@example.com",
    "password": "5qz5rj3eo",
    "phone": "1-991-807-4405",
    "userStatus": 0
}
]]></system-out>
  </testcase>
  <testcase name="testUpdateUserByName" classname="api.test.UserTests" time="3.127">
    <system-out><![CDATA[HTTP/1.1 200 OK
Date: Tue, 30 Jan 2024 09:23:18 GMT
Content-Type: application/json
Transfer-Encoding: chunked
Connection: keep-alive
Access-Control-Allow-Origin: *
Access-Control-Allow-Methods: GET, POST, DELETE, PUT
Access-Control-Allow-Headers: Content-Type, api_key, Authorization
Server: Jetty(9.2.9.v20150224)

{
    "code": 200,
    "type": "unknown",
    "message": "44559647"
}
HTTP/1.1 200 OK
Date: Tue, 30 Jan 2024 09:23:18 GMT
Content-Type: application/json
Transfer-Encoding: chunked
Connection: keep-alive
Access-Control-Allow-Origin: *
Access-Control-Allow-Methods: GET, POST, DELETE, PUT
Access-Control-Allow-Headers: Content-Type, api_key, Authorization
Server: Jetty(9.2.9.v20150224)

{
    "code": 200,
    "type": "unknown",
    "message": "44559647"
}
]]></system-out>
  </testcase>
  <testcase name="testdeleteUserByName" classname="api.test.UserTests" time="1.192">
    <system-out><![CDATA[HTTP/1.1 200 OK
Date: Tue, 30 Jan 2024 09:23:21 GMT
Content-Type: application/json
Transfer-Encoding: chunked
Connection: keep-alive
Access-Control-Allow-Origin: *
Access-Control-Allow-Methods: GET, POST, DELETE, PUT
Access-Control-Allow-Headers: Content-Type, api_key, Authorization
Server: Jetty(9.2.9.v20150224)

{
    "code": 200,
    "type": "unknown",
    "message": "maynard.pouros"
}
]]></system-out>
  </testcase>
  <testcase name="testPostUser" classname="api.test.UserTests2" time="1.297">
    <system-out><![CDATA[Request method:	POST
Request URI:	https://petstore.swagger.io/v2/user
Proxy:			<none>
Request params:	<none>
Query params:	<none>
Form params:	<none>
Path params:	<none>
Headers:		Accept=application/json, application/javascript, text/javascript, text/json
				Content-Type=application/json
Cookies:		<none>
Multiparts:		<none>
Body:
{
    "id": 1452056289,
    "username": "altha.dietrich",
    "firstName": "Claude",
    "lastName": "Buckridge",
    "email": "delana.carroll@example.com",
    "password": "ccl4x",
    "phone": "1-219-594-7995",
    "userStatus": 0
}
HTTP/1.1 200 OK
Date: Tue, 30 Jan 2024 09:23:22 GMT
Content-Type: application/json
Transfer-Encoding: chunked
Connection: keep-alive
Access-Control-Allow-Origin: *
Access-Control-Allow-Methods: GET, POST, DELETE, PUT
Access-Control-Allow-Headers: Content-Type, api_key, Authorization
Server: Jetty(9.2.9.v20150224)

{
    "code": 200,
    "type": "unknown",
    "message": "1452056289"
}
]]></system-out>
  </testcase>
  <testcase name="testGETUserByName" classname="api.test.UserTests2" time="1.281">
    <system-out><![CDATA[HTTP/1.1 200 OK
Date: Tue, 30 Jan 2024 09:23:23 GMT
Content-Type: application/json
Transfer-Encoding: chunked
Connection: keep-alive
Access-Control-Allow-Origin: *
Access-Control-Allow-Methods: GET, POST, DELETE, PUT
Access-Control-Allow-Headers: Content-Type, api_key, Authorization
Server: Jetty(9.2.9.v20150224)

{
    "id": 1452056289,
    "username": "altha.dietrich",
    "firstName": "Claude",
    "lastName": "Buckridge",
    "email": "delana.carroll@example.com",
    "password": "ccl4x",
    "phone": "1-219-594-7995",
    "userStatus": 0
}
]]></system-out>
  </testcase>
  <testcase name="testUpdateUserByName" classname="api.test.UserTests2" time="2.433">
    <system-out><![CDATA[HTTP/1.1 200 OK
Date: Tue, 30 Jan 2024 09:23:25 GMT
Content-Type: application/json
Transfer-Encoding: chunked
Connection: keep-alive
Access-Control-Allow-Origin: *
Access-Control-Allow-Methods: GET, POST, DELETE, PUT
Access-Control-Allow-Headers: Content-Type, api_key, Authorization
Server: Jetty(9.2.9.v20150224)

{
    "code": 200,
    "type": "unknown",
    "message": "1452056289"
}
HTTP/1.1 200 OK
Date: Tue, 30 Jan 2024 09:23:25 GMT
Content-Type: application/json
Transfer-Encoding: chunked
Connection: keep-alive
Access-Control-Allow-Origin: *
Access-Control-Allow-Methods: GET, POST, DELETE, PUT
Access-Control-Allow-Headers: Content-Type, api_key, Authorization
Server: Jetty(9.2.9.v20150224)

{
    "code": 200,
    "type": "unknown",
    "message": "1452056289"
}
]]></system-out>
  </testcase>
  <testcase name="testdeleteUserByName" classname="api.test.UserTests2" time="1.18">
    <system-out><![CDATA[HTTP/1.1 200 OK
Date: Tue, 30 Jan 2024 09:23:27 GMT
Content-Type: application/json
Transfer-Encoding: chunked
Connection: keep-alive
Access-Control-Allow-Origin: *
Access-Control-Allow-Methods: GET, POST, DELETE, PUT
Access-Control-Allow-Headers: Content-Type, api_key, Authorization
Server: Jetty(9.2.9.v20150224)

{
    "code": 200,
    "type": "unknown",
    "message": "altha.dietrich"
}
]]></system-out>
  </testcase>
  <testcase name="testPostUser[1010, testuser1, John, Canedy, a@gmail.com, test@1, 123456789](1)" classname="api.test.DDTests" time="1.143">
    <system-out><![CDATA[Request method:	POST
Request URI:	https://petstore.swagger.io/v2/user
Proxy:			<none>
Request params:	<none>
Query params:	<none>
Form params:	<none>
Path params:	<none>
Headers:		Accept=application/json, application/javascript, text/javascript, text/json
				Content-Type=application/json
Cookies:		<none>
Multiparts:		<none>
Body:
{
    "id": 1010,
    "username": "testuser1",
    "firstName": "John",
    "lastName": "Canedy",
    "email": "a@gmail.com",
    "password": "test@1",
    "phone": "123456789",
    "userStatus": 0
}
]]></system-out>
  </testcase>
  <testcase name="testPostUser[1020, testuser2, Kim, Kom, b@gmail.com, test@2, 123456789](2)" classname="api.test.DDTests" time="1.227">
    <system-out><![CDATA[Request method:	POST
Request URI:	https://petstore.swagger.io/v2/user
Proxy:			<none>
Request params:	<none>
Query params:	<none>
Form params:	<none>
Path params:	<none>
Headers:		Accept=application/json, application/javascript, text/javascript, text/json
				Content-Type=application/json
Cookies:		<none>
Multiparts:		<none>
Body:
{
    "id": 1020,
    "username": "testuser2",
    "firstName": "Kim",
    "lastName": "Kom",
    "email": "b@gmail.com",
    "password": "test@2",
    "phone": "123456789",
    "userStatus": 0
}
]]></system-out>
  </testcase>
  <testcase name="testPostUser[1030, testuser3, Smith, Steve, c@gmail.com, test@3, 123456789](3)" classname="api.test.DDTests" time="1.097">
    <system-out><![CDATA[Request method:	POST
Request URI:	https://petstore.swagger.io/v2/user
Proxy:			<none>
Request params:	<none>
Query params:	<none>
Form params:	<none>
Path params:	<none>
Headers:		Accept=application/json, application/javascript, text/javascript, text/json
				Content-Type=application/json
Cookies:		<none>
Multiparts:		<none>
Body:
{
    "id": 1030,
    "username": "testuser3",
    "firstName": "Smith",
    "lastName": "Steve",
    "email": "c@gmail.com",
    "password": "test@3",
    "phone": "123456789",
    "userStatus": 0
}
]]></system-out>
  </testcase>
  <testcase name="testDeleteByUserName[testuser1](1)" classname="api.test.DDTests" time="1.225"/>
  <testcase name="testDeleteByUserName[testuser2](2)" classname="api.test.DDTests" time="1.131"/>
  <testcase name="testDeleteByUserName[testuser3](3)" classname="api.test.DDTests" time="1.194"/>
</testsuite>