<?xml version="1.0" encoding="UTF-8"?>
<testng-results ignored="0" total="14" passed="14" failed="0" skipped="0">
  <reporter-output>
  </reporter-output>
  <suite started-at="2024-01-30T14:53:08 IST" name="PetstoreSuite" finished-at="2024-01-30T14:53:36 IST" duration-ms="28339">
    <groups>
    </groups>
    <test started-at="2024-01-30T14:53:08 IST" name="UserTests" finished-at="2024-01-30T14:53:36 IST" duration-ms="28339">
      <class name="api.test.UserTests2">
        <test-method is-config="true" signature="setup()[pri:0, instance:api.test.UserTests2@479d31f3]" started-at="2024-01-30T14:53:21 IST" name="setup" finished-at="2024-01-30T14:53:21 IST" duration-ms="84" status="PASS">
          <reporter-output>
          </reporter-output>
        </test-method> <!-- setup -->
        <test-method signature="testPostUser()[pri:1, instance:api.test.UserTests2@479d31f3]" started-at="2024-01-30T14:53:21 IST" name="testPostUser" finished-at="2024-01-30T14:53:22 IST" duration-ms="1293" status="PASS">
          <reporter-output>
          </reporter-output>
        </test-method> <!-- testPostUser -->
        <test-method signature="testGETUserByName()[pri:2, instance:api.test.UserTests2@479d31f3]" started-at="2024-01-30T14:53:22 IST" name="testGETUserByName" finished-at="2024-01-30T14:53:23 IST" duration-ms="1273" status="PASS">
          <reporter-output>
          </reporter-output>
        </test-method> <!-- testGETUserByName -->
        <test-method signature="testUpdateUserByName()[pri:3, instance:api.test.UserTests2@479d31f3]" started-at="2024-01-30T14:53:23 IST" name="testUpdateUserByName" finished-at="2024-01-30T14:53:26 IST" duration-ms="2451" status="PASS">
          <reporter-output>
          </reporter-output>
        </test-method> <!-- testUpdateUserByName -->
        <test-method signature="testdeleteUserByName()[pri:4, instance:api.test.UserTests2@479d31f3]" started-at="2024-01-30T14:53:26 IST" name="testdeleteUserByName" finished-at="2024-01-30T14:53:27 IST" duration-ms="1176" status="PASS">
          <reporter-output>
          </reporter-output>
        </test-method> <!-- testdeleteUserByName -->
      </class> <!-- api.test.UserTests2 -->
      <class name="api.test.UserTests">
        <test-method is-config="true" signature="setup()[pri:0, instance:api.test.UserTests@55b7a4e0]" started-at="2024-01-30T14:53:08 IST" name="setup" finished-at="2024-01-30T14:53:10 IST" duration-ms="1515" status="PASS">
          <reporter-output>
          </reporter-output>
        </test-method> <!-- setup -->
        <test-method signature="testPostUser()[pri:1, instance:api.test.UserTests@55b7a4e0]" started-at="2024-01-30T14:53:10 IST" name="testPostUser" finished-at="2024-01-30T14:53:15 IST" duration-ms="5222" status="PASS">
          <reporter-output>
          </reporter-output>
        </test-method> <!-- testPostUser -->
        <test-method signature="testGETUserByName()[pri:2, instance:api.test.UserTests@55b7a4e0]" started-at="2024-01-30T14:53:15 IST" name="testGETUserByName" finished-at="2024-01-30T14:53:16 IST" duration-ms="1242" status="PASS">
          <reporter-output>
          </reporter-output>
        </test-method> <!-- testGETUserByName -->
        <test-method signature="testUpdateUserByName()[pri:3, instance:api.test.UserTests@55b7a4e0]" started-at="2024-01-30T14:53:16 IST" name="testUpdateUserByName" finished-at="2024-01-30T14:53:20 IST" duration-ms="3141" status="PASS">
          <reporter-output>
          </reporter-output>
        </test-method> <!-- testUpdateUserByName -->
        <test-method signature="testdeleteUserByName()[pri:4, instance:api.test.UserTests@55b7a4e0]" started-at="2024-01-30T14:53:20 IST" name="testdeleteUserByName" finished-at="2024-01-30T14:53:21 IST" duration-ms="1188" status="PASS">
          <reporter-output>
          </reporter-output>
        </test-method> <!-- testdeleteUserByName -->
      </class> <!-- api.test.UserTests -->
      <class name="api.test.DDTests">
        <test-method signature="testPostUser(java.lang.String,java.lang.String,java.lang.String,java.lang.String,java.lang.String,java.lang.String,java.lang.String)[pri:1, instance:api.test.DDTests@40ef3420]" started-at="2024-01-30T14:53:29 IST" name="testPostUser" data-provider="Data" finished-at="2024-01-30T14:53:30 IST" duration-ms="1141" status="PASS">
          <params>
            <param index="0">
              <value>
                <![CDATA[1010]]>
              </value>
            </param>
            <param index="1">
              <value>
                <![CDATA[testuser1]]>
              </value>
            </param>
            <param index="2">
              <value>
                <![CDATA[John]]>
              </value>
            </param>
            <param index="3">
              <value>
                <![CDATA[Canedy]]>
              </value>
            </param>
            <param index="4">
              <value>
                <![CDATA[a@gmail.com]]>
              </value>
            </param>
            <param index="5">
              <value>
                <![CDATA[test@1]]>
              </value>
            </param>
            <param index="6">
              <value>
                <![CDATA[123456789]]>
              </value>
            </param>
          </params>
          <reporter-output>
          </reporter-output>
        </test-method> <!-- testPostUser -->
        <test-method signature="testPostUser(java.lang.String,java.lang.String,java.lang.String,java.lang.String,java.lang.String,java.lang.String,java.lang.String)[pri:1, instance:api.test.DDTests@40ef3420]" started-at="2024-01-30T14:53:30 IST" name="testPostUser" data-provider="Data" finished-at="2024-01-30T14:53:32 IST" duration-ms="1231" status="PASS">
          <params>
            <param index="0">
              <value>
                <![CDATA[1020]]>
              </value>
            </param>
            <param index="1">
              <value>
                <![CDATA[testuser2]]>
              </value>
            </param>
            <param index="2">
              <value>
                <![CDATA[Kim]]>
              </value>
            </param>
            <param index="3">
              <value>
                <![CDATA[Kom]]>
              </value>
            </param>
            <param index="4">
              <value>
                <![CDATA[b@gmail.com]]>
              </value>
            </param>
            <param index="5">
              <value>
                <![CDATA[test@2]]>
              </value>
            </param>
            <param index="6">
              <value>
                <![CDATA[123456789]]>
              </value>
            </param>
          </params>
          <reporter-output>
          </reporter-output>
        </test-method> <!-- testPostUser -->
        <test-method signature="testPostUser(java.lang.String,java.lang.String,java.lang.String,java.lang.String,java.lang.String,java.lang.String,java.lang.String)[pri:1, instance:api.test.DDTests@40ef3420]" started-at="2024-01-30T14:53:32 IST" name="testPostUser" data-provider="Data" finished-at="2024-01-30T14:53:33 IST" duration-ms="1106" status="PASS">
          <params>
            <param index="0">
              <value>
                <![CDATA[1030]]>
              </value>
            </param>
            <param index="1">
              <value>
                <![CDATA[testuser3]]>
              </value>
            </param>
            <param index="2">
              <value>
                <![CDATA[Smith]]>
              </value>
            </param>
            <param index="3">
              <value>
                <![CDATA[Steve]]>
              </value>
            </param>
            <param index="4">
              <value>
                <![CDATA[c@gmail.com]]>
              </value>
            </param>
            <param index="5">
              <value>
                <![CDATA[test@3]]>
              </value>
            </param>
            <param index="6">
              <value>
                <![CDATA[123456789]]>
              </value>
            </param>
          </params>
          <reporter-output>
          </reporter-output>
        </test-method> <!-- testPostUser -->
        <test-method signature="testDeleteByUserName(java.lang.String)[pri:2, instance:api.test.DDTests@40ef3420]" started-at="2024-01-30T14:53:33 IST" name="testDeleteByUserName" data-provider="UserNames" finished-at="2024-01-30T14:53:34 IST" duration-ms="1224" status="PASS">
          <params>
            <param index="0">
              <value>
                <![CDATA[testuser1]]>
              </value>
            </param>
          </params>
          <reporter-output>
          </reporter-output>
        </test-method> <!-- testDeleteByUserName -->
        <test-method signature="testDeleteByUserName(java.lang.String)[pri:2, instance:api.test.DDTests@40ef3420]" started-at="2024-01-30T14:53:34 IST" name="testDeleteByUserName" data-provider="UserNames" finished-at="2024-01-30T14:53:35 IST" duration-ms="1129" status="PASS">
          <params>
            <param index="0">
              <value>
                <![CDATA[testuser2]]>
              </value>
            </param>
          </params>
          <reporter-output>
          </reporter-output>
        </test-method> <!-- testDeleteByUserName -->
        <test-method signature="testDeleteByUserName(java.lang.String)[pri:2, instance:api.test.DDTests@40ef3420]" started-at="2024-01-30T14:53:35 IST" name="testDeleteByUserName" data-provider="UserNames" finished-at="2024-01-30T14:53:36 IST" duration-ms="1193" status="PASS">
          <params>
            <param index="0">
              <value>
                <![CDATA[testuser3]]>
              </value>
            </param>
          </params>
          <reporter-output>
          </reporter-output>
        </test-method> <!-- testDeleteByUserName -->
      </class> <!-- api.test.DDTests -->
    </test> <!-- UserTests -->
  </suite> <!-- PetstoreSuite -->
</testng-results>
