<?xml version="1.0" encoding="UTF-8"?>
<testng-results ignored="0" total="14" passed="14" failed="0" skipped="0">
  <reporter-output>
  </reporter-output>
  <suite started-at="2024-01-30T13:29:36 IST" name="PetstoreSuite" finished-at="2024-01-30T13:29:57 IST" duration-ms="21148">
    <groups>
    </groups>
    <test started-at="2024-01-30T13:29:36 IST" name="UserTests" finished-at="2024-01-30T13:29:57 IST" duration-ms="21148">
      <class name="api.test.UserTests2">
        <test-method is-config="true" signature="setup()[pri:0, instance:api.test.UserTests2@13e344d]" started-at="2024-01-30T13:29:44 IST" name="setup" finished-at="2024-01-30T13:29:44 IST" duration-ms="23" status="PASS">
          <reporter-output>
          </reporter-output>
        </test-method> <!-- setup -->
        <test-method signature="testPostUser()[pri:1, instance:api.test.UserTests2@13e344d]" started-at="2024-01-30T13:29:44 IST" name="testPostUser" finished-at="2024-01-30T13:29:45 IST" duration-ms="1232" status="PASS">
          <reporter-output>
          </reporter-output>
        </test-method> <!-- testPostUser -->
        <test-method signature="testGETUserByName()[pri:2, instance:api.test.UserTests2@13e344d]" started-at="2024-01-30T13:29:45 IST" name="testGETUserByName" finished-at="2024-01-30T13:29:46 IST" duration-ms="1086" status="PASS">
          <reporter-output>
          </reporter-output>
        </test-method> <!-- testGETUserByName -->
        <test-method signature="testUpdateUserByName()[pri:3, instance:api.test.UserTests2@13e344d]" started-at="2024-01-30T13:29:46 IST" name="testUpdateUserByName" finished-at="2024-01-30T13:29:48 IST" duration-ms="2262" status="PASS">
          <reporter-output>
          </reporter-output>
        </test-method> <!-- testUpdateUserByName -->
        <test-method signature="testdeleteUserByName()[pri:4, instance:api.test.UserTests2@13e344d]" started-at="2024-01-30T13:29:48 IST" name="testdeleteUserByName" finished-at="2024-01-30T13:29:49 IST" duration-ms="1074" status="PASS">
          <reporter-output>
          </reporter-output>
        </test-method> <!-- testdeleteUserByName -->
      </class> <!-- api.test.UserTests2 -->
      <class name="api.test.UserTests">
        <test-method is-config="true" signature="setup()[pri:0, instance:api.test.UserTests@4686afc2]" started-at="2024-01-30T13:29:36 IST" name="setup" finished-at="2024-01-30T13:29:37 IST" duration-ms="659" status="PASS">
          <reporter-output>
          </reporter-output>
        </test-method> <!-- setup -->
        <test-method signature="testPostUser()[pri:1, instance:api.test.UserTests@4686afc2]" started-at="2024-01-30T13:29:37 IST" name="testPostUser" finished-at="2024-01-30T13:29:39 IST" duration-ms="2495" status="PASS">
          <reporter-output>
          </reporter-output>
        </test-method> <!-- testPostUser -->
        <test-method signature="testGETUserByName()[pri:2, instance:api.test.UserTests@4686afc2]" started-at="2024-01-30T13:29:39 IST" name="testGETUserByName" finished-at="2024-01-30T13:29:40 IST" duration-ms="1095" status="PASS">
          <reporter-output>
          </reporter-output>
        </test-method> <!-- testGETUserByName -->
        <test-method signature="testUpdateUserByName()[pri:3, instance:api.test.UserTests@4686afc2]" started-at="2024-01-30T13:29:40 IST" name="testUpdateUserByName" finished-at="2024-01-30T13:29:43 IST" duration-ms="2239" status="PASS">
          <reporter-output>
          </reporter-output>
        </test-method> <!-- testUpdateUserByName -->
        <test-method signature="testdeleteUserByName()[pri:4, instance:api.test.UserTests@4686afc2]" started-at="2024-01-30T13:29:43 IST" name="testdeleteUserByName" finished-at="2024-01-30T13:29:44 IST" duration-ms="1123" status="PASS">
          <reporter-output>
          </reporter-output>
        </test-method> <!-- testdeleteUserByName -->
      </class> <!-- api.test.UserTests -->
      <class name="api.test.DDTests">
        <test-method signature="testPostUser(java.lang.String,java.lang.String,java.lang.String,java.lang.String,java.lang.String,java.lang.String,java.lang.String)[pri:1, instance:api.test.DDTests@1ffaf86]" started-at="2024-01-30T13:29:50 IST" name="testPostUser" data-provider="Data" finished-at="2024-01-30T13:29:51 IST" duration-ms="1142" status="PASS">
          <params>
            <param index="0">
              <value>
                <![CDATA[1010]]>
              </value>
            </param>
            <param index="1">
              <value>
                <![CDATA[testuser1]]>
              </value>
            </param>
            <param index="2">
              <value>
                <![CDATA[John]]>
              </value>
            </param>
            <param index="3">
              <value>
                <![CDATA[Canedy]]>
              </value>
            </param>
            <param index="4">
              <value>
                <![CDATA[a@gmail.com]]>
              </value>
            </param>
            <param index="5">
              <value>
                <![CDATA[test@1]]>
              </value>
            </param>
            <param index="6">
              <value>
                <![CDATA[123456789]]>
              </value>
            </param>
          </params>
          <reporter-output>
          </reporter-output>
        </test-method> <!-- testPostUser -->
        <test-method signature="testPostUser(java.lang.String,java.lang.String,java.lang.String,java.lang.String,java.lang.String,java.lang.String,java.lang.String)[pri:1, instance:api.test.DDTests@1ffaf86]" started-at="2024-01-30T13:29:51 IST" name="testPostUser" data-provider="Data" finished-at="2024-01-30T13:29:52 IST" duration-ms="1147" status="PASS">
          <params>
            <param index="0">
              <value>
                <![CDATA[1020]]>
              </value>
            </param>
            <param index="1">
              <value>
                <![CDATA[testuser2]]>
              </value>
            </param>
            <param index="2">
              <value>
                <![CDATA[Kim]]>
              </value>
            </param>
            <param index="3">
              <value>
                <![CDATA[Kom]]>
              </value>
            </param>
            <param index="4">
              <value>
                <![CDATA[b@gmail.com]]>
              </value>
            </param>
            <param index="5">
              <value>
                <![CDATA[test@2]]>
              </value>
            </param>
            <param index="6">
              <value>
                <![CDATA[123456789]]>
              </value>
            </param>
          </params>
          <reporter-output>
          </reporter-output>
        </test-method> <!-- testPostUser -->
        <test-method signature="testPostUser(java.lang.String,java.lang.String,java.lang.String,java.lang.String,java.lang.String,java.lang.String,java.lang.String)[pri:1, instance:api.test.DDTests@1ffaf86]" started-at="2024-01-30T13:29:52 IST" name="testPostUser" data-provider="Data" finished-at="2024-01-30T13:29:54 IST" duration-ms="1164" status="PASS">
          <params>
            <param index="0">
              <value>
                <![CDATA[1030]]>
              </value>
            </param>
            <param index="1">
              <value>
                <![CDATA[testuser3]]>
              </value>
            </param>
            <param index="2">
              <value>
                <![CDATA[Smith]]>
              </value>
            </param>
            <param index="3">
              <value>
                <![CDATA[Steve]]>
              </value>
            </param>
            <param index="4">
              <value>
                <![CDATA[c@gmail.com]]>
              </value>
            </param>
            <param index="5">
              <value>
                <![CDATA[test@3]]>
              </value>
            </param>
            <param index="6">
              <value>
                <![CDATA[123456789]]>
              </value>
            </param>
          </params>
          <reporter-output>
          </reporter-output>
        </test-method> <!-- testPostUser -->
        <test-method signature="testDeleteByUserName(java.lang.String)[pri:2, instance:api.test.DDTests@1ffaf86]" started-at="2024-01-30T13:29:54 IST" name="testDeleteByUserName" data-provider="UserNames" finished-at="2024-01-30T13:29:55 IST" duration-ms="1101" status="PASS">
          <params>
            <param index="0">
              <value>
                <![CDATA[testuser1]]>
              </value>
            </param>
          </params>
          <reporter-output>
          </reporter-output>
        </test-method> <!-- testDeleteByUserName -->
        <test-method signature="testDeleteByUserName(java.lang.String)[pri:2, instance:api.test.DDTests@1ffaf86]" started-at="2024-01-30T13:29:55 IST" name="testDeleteByUserName" data-provider="UserNames" finished-at="2024-01-30T13:29:56 IST" duration-ms="1128" status="PASS">
          <params>
            <param index="0">
              <value>
                <![CDATA[testuser2]]>
              </value>
            </param>
          </params>
          <reporter-output>
          </reporter-output>
        </test-method> <!-- testDeleteByUserName -->
        <test-method signature="testDeleteByUserName(java.lang.String)[pri:2, instance:api.test.DDTests@1ffaf86]" started-at="2024-01-30T13:29:56 IST" name="testDeleteByUserName" data-provider="UserNames" finished-at="2024-01-30T13:29:57 IST" duration-ms="1093" status="PASS">
          <params>
            <param index="0">
              <value>
                <![CDATA[testuser3]]>
              </value>
            </param>
          </params>
          <reporter-output>
          </reporter-output>
        </test-method> <!-- testDeleteByUserName -->
      </class> <!-- api.test.DDTests -->
    </test> <!-- UserTests -->
  </suite> <!-- PetstoreSuite -->
</testng-results>
