<?xml version="1.0" encoding="UTF-8"?>
<!-- Generated by org.testng.reporters.JUnitXMLReporter -->
<testsuite ignored="0" hostname="USHYDMUDINESH4" failures="0" tests="14" name="UserTests" time="21.148" errors="0" timestamp="2024-01-30T13:29:57 IST">
  <testcase classname="api.test.UserTests" name="testPostUser" time="2.495"/>
  <testcase classname="api.test.UserTests" name="testGETUserByName" time="1.095"/>
  <testcase classname="api.test.UserTests" name="testUpdateUserByName" time="2.239"/>
  <testcase classname="api.test.UserTests" name="testdeleteUserByName" time="1.123"/>
  <testcase classname="api.test.UserTests2" name="testPostUser" time="1.232"/>
  <testcase classname="api.test.UserTests2" name="testGETUserByName" time="1.086"/>
  <testcase classname="api.test.UserTests2" name="testUpdateUserByName" time="2.262"/>
  <testcase classname="api.test.UserTests2" name="testdeleteUserByName" time="1.074"/>
  <testcase classname="api.test.DDTests" name="testPostUser" time="1.142"/>
  <testcase classname="api.test.DDTests" name="testPostUser" time="1.147"/>
  <testcase classname="api.test.DDTests" name="testPostUser" time="1.164"/>
  <testcase classname="api.test.DDTests" name="testDeleteByUserName" time="1.101"/>
  <testcase classname="api.test.DDTests" name="testDeleteByUserName" time="1.128"/>
  <testcase classname="api.test.DDTests" name="testDeleteByUserName" time="1.093"/>
</testsuite> <!-- UserTests -->
